<?xml version="1.0" encoding="UTF-8"?>
<!-- Generated by org.testng.reporters.JUnitReportReporter -->
<testsuite hostname="DESKTOP-IQAQ9TA" failures="0" tests="1" name="driverFactory.AppTest" time="46.620" errors="0" timestamp="2024-11-27T11:43:51 IST" skipped="0">
  <testcase classname="driverFactory.AppTest" name="kickStart" time="46.620"/>
</testsuite> <!-- driverFactory.AppTest -->
